<?xml version="1.0" encoding="UTF-8"?>
<testng-results skipped="0" failed="0" ignored="0" total="1" passed="1">
  <reporter-output>
  </reporter-output>
  <suite name="TestSuite" duration-ms="87574" started-at="2018-12-09T19:17:44Z" finished-at="2018-12-09T19:19:11Z">
    <groups>
    </groups>
    <test name="1" duration-ms="87574" started-at="2018-12-09T19:17:44Z" finished-at="2018-12-09T19:19:11Z">
      <class name="test.TestTask">
        <test-method status="PASS" signature="initializeBaseTest()[pri:0, instance:test.TestTask@6d7b4f4c]" name="initializeBaseTest" is-config="true" duration-ms="34317" started-at="2018-12-09T19:17:44Z" finished-at="2018-12-09T19:18:18Z">
          <reporter-output>
          </reporter-output>
        </test-method> <!-- initializeBaseTest -->
        <test-method status="PASS" signature="setUp()[pri:0, instance:test.TestTask@6d7b4f4c]" name="setUp" is-config="true" duration-ms="1" started-at="2018-12-09T19:18:18Z" finished-at="2018-12-09T19:18:18Z">
          <reporter-output>
          </reporter-output>
        </test-method> <!-- setUp -->
        <test-method status="PASS" signature="test()[pri:0, instance:test.TestTask@6d7b4f4c]" name="test" duration-ms="52208" started-at="2018-12-09T19:18:18Z" finished-at="2018-12-09T19:19:10Z">
          <reporter-output>
          </reporter-output>
        </test-method> <!-- test -->
        <test-method status="PASS" signature="quit()[pri:0, instance:test.TestTask@6d7b4f4c]" name="quit" is-config="true" duration-ms="1000" started-at="2018-12-09T19:19:10Z" finished-at="2018-12-09T19:19:11Z">
          <reporter-output>
          </reporter-output>
        </test-method> <!-- quit -->
      </class> <!-- test.TestTask -->
    </test> <!-- 1 -->
  </suite> <!-- TestSuite -->
</testng-results>
