<?xml version="1.0" encoding="UTF-8"?>
<testng-results skipped="0" failed="0" ignored="0" total="1" passed="1">
  <reporter-output>
  </reporter-output>
  <suite name="Default suite" duration-ms="72517" started-at="2018-12-09T18:54:20Z" finished-at="2018-12-09T18:55:32Z">
    <groups>
    </groups>
    <test name="Default test" duration-ms="72517" started-at="2018-12-09T18:54:20Z" finished-at="2018-12-09T18:55:32Z">
      <class name="test.TestTask">
        <test-method status="PASS" signature="initializeBaseTest()[pri:0, instance:test.TestTask@6d7b4f4c]" name="initializeBaseTest" is-config="true" duration-ms="17976" started-at="2018-12-09T18:54:20Z" finished-at="2018-12-09T18:54:38Z">
          <reporter-output>
          </reporter-output>
        </test-method> <!-- initializeBaseTest -->
        <test-method status="PASS" signature="setUp()[pri:0, instance:test.TestTask@6d7b4f4c]" name="setUp" is-config="true" duration-ms="0" started-at="2018-12-09T18:54:38Z" finished-at="2018-12-09T18:54:38Z">
          <reporter-output>
          </reporter-output>
        </test-method> <!-- setUp -->
        <test-method status="PASS" signature="test()[pri:0, instance:test.TestTask@6d7b4f4c]" name="test" duration-ms="53544" started-at="2018-12-09T18:54:38Z" finished-at="2018-12-09T18:55:31Z">
          <reporter-output>
          </reporter-output>
        </test-method> <!-- test -->
        <test-method status="PASS" signature="quit()[pri:0, instance:test.TestTask@6d7b4f4c]" name="quit" is-config="true" duration-ms="960" started-at="2018-12-09T18:55:31Z" finished-at="2018-12-09T18:55:32Z">
          <reporter-output>
          </reporter-output>
        </test-method> <!-- quit -->
      </class> <!-- test.TestTask -->
    </test> <!-- Default test -->
  </suite> <!-- Default suite -->
</testng-results>
